<?xml version="1.0" encoding="UTF-8"?>
<testsuite name="edu.csula.models.EventTest" tests="2" skipped="0" failures="0" errors="0" timestamp="2018-05-05T04:02:14" hostname="Neils-MacBook-Pro.local" time="0.001">
  <properties/>
  <testcase name="testEquals" classname="edu.csula.models.EventTest" time="0.001"/>
  <testcase name="testNotEquals" classname="edu.csula.models.EventTest" time="0.0"/>
  <system-out><![CDATA[]]></system-out>
  <system-err><![CDATA[]]></system-err>
</testsuite>
